app/build/outputs/logs/manifest-merger-debug-report.txt
-- Merging decision tree log ---
manifest
ADDED from src\main\AndroidManifest.xml:2:1-145:12
INJECTED from src\main\AndroidManifest.xml:2:1-145:12
INJECTED from src\main\AndroidManifest.xml:2:1-145:12
INJECTED from src\main\AndroidManifest.xml:2:1-145:12
MERGED from [com.android.support:design:27.1.1] AndroidManifest.xml:17:1-22:12
MERGED from [com.android.support:appcompat-v7:27.1.1] AndroidManifest.xml:17:1-22:12
MERGED from [com.android.support.constraint:constraint-layout:1.1.0] AndroidManifest.xml:2:1-11:12
MERGED from [com.android.support:support-v4:27.1.1] AndroidManifest.xml:17:1-22:12
MERGED from [com.android.support:gridlayout-v7:27.0.0] AndroidManifest.xml:17:1-22:12
MERGED from [com.android.support:palette-v7:27.1.1] AndroidManifest.xml:17:1-22:12
MERGED from [com.android.support:animated-vector-drawable:27.1.1] AndroidManifest.xml:17:1-22:12
MERGED from [com.android.support:support-vector-drawable:27.1.1] AndroidManifest.xml:17:1-22:12
MERGED from [com.android.support:support-fragment:27.1.1] AndroidManifest.xml:17:1-22:12
MERGED from [com.android.support:recyclerview-v7:27.1.1] AndroidManifest.xml:17:1-22:12
MERGED from [com.android.support:support-core-ui:27.1.1] AndroidManifest.xml:17:1-22:12
MERGED from [com.android.support:support-core-utils:27.1.1] AndroidManifest.xml:17:1-22:12
MERGED from [com.android.support:transition:27.1.1] AndroidManifest.xml:17:1-22:12
MERGED from [com.android.support:support-media-compat:27.1.1] AndroidManifest.xml:17:1-22:12
MERGED from [com.android.support:support-compat:27.1.1] AndroidManifest.xml:17:1-22:12
MERGED from [android.arch.lifecycle:livedata-core:1.1.0] AndroidManifest.xml:17:1-22:12
MERGED from [android.arch.lifecycle:viewmodel:1.1.0] AndroidManifest.xml:17:1-22:12
MERGED from [android.arch.lifecycle:runtime:1.1.0] AndroidManifest.xml:17:1-22:12
MERGED from [android.arch.core:runtime:1.1.0] AndroidManifest.xml:17:1-22:12
INJECTED from src\main\AndroidManifest.xml:2:1-145:12
INJECTED from src\main\AndroidManifest.xml:2:1-145:12
INJECTED from src\main\AndroidManifest.xml:2:1-145:12
	package
		ADDED from src\main\AndroidManifest.xml:3:5-30
		INJECTED from src\main\AndroidManifest.xml
		INJECTED from src\main\AndroidManifest.xml
	android:versionName
		INJECTED from src\main\AndroidManifest.xml
		ADDED from src\main\AndroidManifest.xml:2:1-145:12
		INJECTED from src\main\AndroidManifest.xml
	android:versionCode
		INJECTED from src\main\AndroidManifest.xml
		ADDED from src\main\AndroidManifest.xml:2:1-145:12
		INJECTED from src\main\AndroidManifest.xml
	xmlns:android
		ADDED from src\main\AndroidManifest.xml:2:11-69
uses-permission#android.permission.WRITE_EXTERNAL_STORAGE
ADDED from src\main\AndroidManifest.xml:5:5-81
	android:name
		ADDED from src\main\AndroidManifest.xml:5:22-78
uses-permission#android.permission.READ_EXTERNAL_STORAGE
ADDED from src\main\AndroidManifest.xml:6:5-80
	android:name
		ADDED from src\main\AndroidManifest.xml:6:22-77
uses-permission#android.permission.CAMERA
ADDED from src\main\AndroidManifest.xml:7:5-64
	android:name
		ADDED from src\main\AndroidManifest.xml:7:22-62
uses-permission#android.permission.INTERNET
ADDED from src\main\AndroidManifest.xml:8:5-67
	android:name
		ADDED from src\main\AndroidManifest.xml:8:22-64
uses-permission#android.permission.ACCESS_NETWORK_STATE
ADDED from src\main\AndroidManifest.xml:9:5-79
	android:name
		ADDED from src\main\AndroidManifest.xml:9:22-76
uses-permission#android.permission.VIBRATE
ADDED from src\main\AndroidManifest.xml:10:5-66
	android:name
		ADDED from src\main\AndroidManifest.xml:10:22-63
uses-permission#android.permission.WAKE_LOCK
ADDED from src\main\AndroidManifest.xml:11:5-68
	android:name
		ADDED from src\main\AndroidManifest.xml:11:22-65
uses-permission#com.google.android.c2dm.permission.RECEIVE
ADDED from src\main\AndroidManifest.xml:12:5-82
	android:name
		ADDED from src\main\AndroidManifest.xml:12:22-79
permission#com.xalenmy.ffm.permission.C2D_MESSAGE
ADDED from src\main\AndroidManifest.xml:14:5-16:47
	android:protectionLevel
		ADDED from src\main\AndroidManifest.xml:16:9-44
	android:name
		ADDED from src\main\AndroidManifest.xml:15:9-62
uses-permission#com.xalenmy.ffm.permission.C2D_MESSAGE
ADDED from src\main\AndroidManifest.xml:18:5-78
	android:name
		ADDED from src\main\AndroidManifest.xml:18:22-75
uses-permission#android.permission.GET_ACCOUNTS
ADDED from src\main\AndroidManifest.xml:21:5-71
	android:name
		ADDED from src\main\AndroidManifest.xml:21:22-68
uses-permission#android.permission.READ_PROFILE
ADDED from src\main\AndroidManifest.xml:22:5-71
	android:name
		ADDED from src\main\AndroidManifest.xml:22:22-68
uses-permission#android.permission.READ_CONTACTS
ADDED from src\main\AndroidManifest.xml:23:5-72
	android:name
		ADDED from src\main\AndroidManifest.xml:23:22-69
application
ADDED from src\main\AndroidManifest.xml:25:5-143:19
MERGED from [com.android.support.constraint:constraint-layout:1.1.0] AndroidManifest.xml:9:5-20
MERGED from [com.android.support.constraint:constraint-layout:1.1.0] AndroidManifest.xml:9:5-20
	android:supportsRtl
		ADDED from src\main\AndroidManifest.xml:31:9-35
	android:label
		ADDED from src\main\AndroidManifest.xml:29:9-41
	android:roundIcon
		ADDED from src\main\AndroidManifest.xml:30:9-54
	android:icon
		ADDED from src\main\AndroidManifest.xml:28:9-43
	android:allowBackup
		ADDED from src\main\AndroidManifest.xml:27:9-35
	android:theme
		ADDED from src\main\AndroidManifest.xml:32:9-40
	android:name
		ADDED from src\main\AndroidManifest.xml:26:9-39
activity#com.xalenmy.ffm.MainActivity
ADDED from src\main\AndroidManifest.xml:33:9-42:20
	android:label
		ADDED from src\main\AndroidManifest.xml:35:13-45
	android:theme
		ADDED from src\main\AndroidManifest.xml:36:13-56
	android:name
		ADDED from src\main\AndroidManifest.xml:34:13-41
intent-filter#action:name:android.intent.action.MAIN+category:name:android.intent.category.LAUNCHER
ADDED from src\main\AndroidManifest.xml:37:13-41:29
action#android.intent.action.MAIN
ADDED from src\main\AndroidManifest.xml:38:17-69
	android:name
		ADDED from src\main\AndroidManifest.xml:38:25-66
category#android.intent.category.LAUNCHER
ADDED from src\main\AndroidManifest.xml:40:17-77
	android:name
		ADDED from src\main\AndroidManifest.xml:40:27-74
activity#com.xalenmy.ffm.view.CategoryAddNewActivity
ADDED from src\main\AndroidManifest.xml:43:9-47:57
	android:label
		ADDED from src\main\AndroidManifest.xml:45:13-71
	android:windowSoftInputMode
		ADDED from src\main\AndroidManifest.xml:47:13-54
	android:theme
		ADDED from src\main\AndroidManifest.xml:46:13-56
	android:name
		ADDED from src\main\AndroidManifest.xml:44:13-56
meta-data#com.parse.SERVER_URL
ADDED from src\main\AndroidManifest.xml:49:9-51:52
	android:value
		ADDED from src\main\AndroidManifest.xml:51:13-49
	android:name
		ADDED from src\main\AndroidManifest.xml:50:13-48
meta-data#com.parse.APPLICATION_ID
ADDED from src\main\AndroidManifest.xml:52:9-54:52
	android:value
		ADDED from src\main\AndroidManifest.xml:54:13-49
	android:name
		ADDED from src\main\AndroidManifest.xml:53:13-52
meta-data#com.parse.CLIENT_KEY
ADDED from src\main\AndroidManifest.xml:55:9-57:56
	android:value
		ADDED from src\main\AndroidManifest.xml:57:13-53
	android:name
		ADDED from src\main\AndroidManifest.xml:56:13-48
meta-data#com.parse.push.gcm_sender_id
ADDED from src\main\AndroidManifest.xml:58:9-60:47
	android:value
		ADDED from src\main\AndroidManifest.xml:60:13-44
	android:name
		ADDED from src\main\AndroidManifest.xml:59:13-56
activity#com.xalenmy.ffm.view.LoginActivity
ADDED from src\main\AndroidManifest.xml:62:9-66:71
	android:label
		ADDED from src\main\AndroidManifest.xml:64:13-57
	android:windowSoftInputMode
		ADDED from src\main\AndroidManifest.xml:66:13-68
	android:theme
		ADDED from src\main\AndroidManifest.xml:65:13-56
	android:name
		ADDED from src\main\AndroidManifest.xml:63:13-47
activity#com.xalenmy.ffm.view.SignUpActivity
ADDED from src\main\AndroidManifest.xml:67:9-71:57
	android:label
		ADDED from src\main\AndroidManifest.xml:69:13-59
	android:windowSoftInputMode
		ADDED from src\main\AndroidManifest.xml:71:13-54
	android:theme
		ADDED from src\main\AndroidManifest.xml:70:13-56
	android:name
		ADDED from src\main\AndroidManifest.xml:68:13-48
activity#com.xalenmy.ffm.view.GroupAddNewActivity
ADDED from src\main\AndroidManifest.xml:72:9-76:57
	android:label
		ADDED from src\main\AndroidManifest.xml:74:13-65
	android:windowSoftInputMode
		ADDED from src\main\AndroidManifest.xml:76:13-54
	android:theme
		ADDED from src\main\AndroidManifest.xml:75:13-56
	android:name
		ADDED from src\main\AndroidManifest.xml:73:13-53
activity#com.xalenmy.ffm.view.ReportAddNewActivity
ADDED from src\main\AndroidManifest.xml:77:9-81:71
	android:label
		ADDED from src\main\AndroidManifest.xml:79:13-66
	android:windowSoftInputMode
		ADDED from src\main\AndroidManifest.xml:81:13-68
	android:theme
		ADDED from src\main\AndroidManifest.xml:80:13-56
	android:name
		ADDED from src\main\AndroidManifest.xml:78:13-54
service#com.xalenmy.ffm.service.SyncService
ADDED from src\main\AndroidManifest.xml:83:9-86:39
	android:enabled
		ADDED from src\main\AndroidManifest.xml:85:13-35
	android:exported
		ADDED from src\main\AndroidManifest.xml:86:13-36
	android:name
		ADDED from src\main\AndroidManifest.xml:84:13-48
activity#com.xalenmy.ffm.view.GroupListMemberActivity
ADDED from src\main\AndroidManifest.xml:88:9-90:59
	android:theme
		ADDED from src\main\AndroidManifest.xml:90:13-56
	android:name
		ADDED from src\main\AndroidManifest.xml:89:13-57
provider#com.xalenmy.ffm.database.FFMContentProvider
ADDED from src\main\AndroidManifest.xml:92:9-94:72
	android:authorities
		ADDED from src\main\AndroidManifest.xml:94:13-69
	android:name
		ADDED from src\main\AndroidManifest.xml:93:13-56
activity#com.xalenmy.ffm.view.MainSearchActivity
ADDED from src\main\AndroidManifest.xml:96:9-99:57
	android:windowSoftInputMode
		ADDED from src\main\AndroidManifest.xml:99:13-54
	android:theme
		ADDED from src\main\AndroidManifest.xml:98:13-56
	android:name
		ADDED from src\main\AndroidManifest.xml:97:13-52
activity#com.xalenmy.ffm.view.ForgotPasswordActivity
ADDED from src\main\AndroidManifest.xml:100:9-65
	android:name
		ADDED from src\main\AndroidManifest.xml:100:19-62
service#com.parse.PushService
ADDED from src\main\AndroidManifest.xml:102:9-57
	android:name
		ADDED from src\main\AndroidManifest.xml:102:18-54
receiver#com.parse.GcmBroadcastReceiver
ADDED from src\main\AndroidManifest.xml:104:9-113:20
	android:permission
		ADDED from src\main\AndroidManifest.xml:106:13-73
	android:name
		ADDED from src\main\AndroidManifest.xml:105:13-58
intent-filter#action:name:com.google.android.c2dm.intent.RECEIVE+action:name:com.google.android.c2dm.intent.REGISTRATION+category:name:com.xalenmy.ffm
ADDED from src\main\AndroidManifest.xml:107:13-112:29
action#com.google.android.c2dm.intent.RECEIVE
ADDED from src\main\AndroidManifest.xml:108:17-81
	android:name
		ADDED from src\main\AndroidManifest.xml:108:25-78
action#com.google.android.c2dm.intent.REGISTRATION
ADDED from src\main\AndroidManifest.xml:109:17-86
	android:name
		ADDED from src\main\AndroidManifest.xml:109:25-83
category#com.xalenmy.ffm
ADDED from src\main\AndroidManifest.xml:111:17-60
	android:name
		ADDED from src\main\AndroidManifest.xml:111:27-57
receiver#com.parse.ParsePushBroadcastReceiver
ADDED from src\main\AndroidManifest.xml:117:9-125:20
	android:exported
		ADDED from src\main\AndroidManifest.xml:119:13-37
	android:name
		ADDED from src\main\AndroidManifest.xml:118:13-64
intent-filter#action:name:com.parse.push.intent.DELETE+action:name:com.parse.push.intent.OPEN+action:name:com.parse.push.intent.RECEIVE
ADDED from src\main\AndroidManifest.xml:120:13-124:29
action#com.parse.push.intent.RECEIVE
ADDED from src\main\AndroidManifest.xml:121:17-72
	android:name
		ADDED from src\main\AndroidManifest.xml:121:25-69
action#com.parse.push.intent.OPEN
ADDED from src\main\AndroidManifest.xml:122:17-69
	android:name
		ADDED from src\main\AndroidManifest.xml:122:25-66
action#com.parse.push.intent.DELETE
ADDED from src\main\AndroidManifest.xml:123:17-71
	android:name
		ADDED from src\main\AndroidManifest.xml:123:25-68
activity#com.xalenmy.ffm.view.ChartViewActivity
ADDED from src\main\AndroidManifest.xml:127:9-130:59
	android:label
		ADDED from src\main\AndroidManifest.xml:129:13-62
	android:theme
		ADDED from src\main\AndroidManifest.xml:130:13-56
	android:name
		ADDED from src\main\AndroidManifest.xml:128:13-51
activity#com.xalenmy.ffm.view.MainSettingActivity
ADDED from src\main\AndroidManifest.xml:131:9-134:59
	android:label
		ADDED from src\main\AndroidManifest.xml:133:13-60
	android:theme
		ADDED from src\main\AndroidManifest.xml:134:13-56
	android:name
		ADDED from src\main\AndroidManifest.xml:132:13-53
activity#com.xalenmy.ffm.view.ImageAvatarChooserActivity
ADDED from src\main\AndroidManifest.xml:135:9-138:59
	android:label
		ADDED from src\main\AndroidManifest.xml:137:13-51
	android:theme
		ADDED from src\main\AndroidManifest.xml:138:13-56
	android:name
		ADDED from src\main\AndroidManifest.xml:136:13-60
activity#com.xalenmy.ffm.view.AboutActivity
ADDED from src\main\AndroidManifest.xml:139:9-142:68
	android:label
		ADDED from src\main\AndroidManifest.xml:141:13-57
	android:theme
		ADDED from src\main\AndroidManifest.xml:142:13-56
	android:name
		ADDED from src\main\AndroidManifest.xml:140:13-47
uses-sdk
INJECTED from src\main\AndroidManifest.xml reason: use-sdk injection requested
INJECTED from src\main\AndroidManifest.xml
INJECTED from src\main\AndroidManifest.xml
MERGED from [com.android.support:design:27.1.1] AndroidManifest.xml:20:5-44
MERGED from [com.android.support:design:27.1.1] AndroidManifest.xml:20:5-44
MERGED from [com.android.support:appcompat-v7:27.1.1] AndroidManifest.xml:20:5-44
MERGED from [com.android.support:appcompat-v7:27.1.1] AndroidManifest.xml:20:5-44
MERGED from [com.android.support.constraint:constraint-layout:1.1.0] AndroidManifest.xml:5:5-7:41
MERGED from [com.android.support.constraint:constraint-layout:1.1.0] AndroidManifest.xml:5:5-7:41
MERGED from [com.android.support:support-v4:27.1.1] AndroidManifest.xml:20:5-44
MERGED from [com.android.support:support-v4:27.1.1] AndroidManifest.xml:20:5-44
MERGED from [com.android.support:gridlayout-v7:27.0.0] AndroidManifest.xml:20:5-44
MERGED from [com.android.support:gridlayout-v7:27.0.0] AndroidManifest.xml:20:5-44
MERGED from [com.android.support:palette-v7:27.1.1] AndroidManifest.xml:20:5-44
MERGED from [com.android.support:palette-v7:27.1.1] AndroidManifest.xml:20:5-44
MERGED from [com.android.support:animated-vector-drawable:27.1.1] AndroidManifest.xml:20:5-44
MERGED from [com.android.support:animated-vector-drawable:27.1.1] AndroidManifest.xml:20:5-44
MERGED from [com.android.support:support-vector-drawable:27.1.1] AndroidManifest.xml:20:5-44
MERGED from [com.android.support:support-vector-drawable:27.1.1] AndroidManifest.xml:20:5-44
MERGED from [com.android.support:support-fragment:27.1.1] AndroidManifest.xml:20:5-44
MERGED from [com.android.support:support-fragment:27.1.1] AndroidManifest.xml:20:5-44
MERGED from [com.android.support:recyclerview-v7:27.1.1] AndroidManifest.xml:20:5-44
MERGED from [com.android.support:recyclerview-v7:27.1.1] AndroidManifest.xml:20:5-44
MERGED from [com.android.support:support-core-ui:27.1.1] AndroidManifest.xml:20:5-44
MERGED from [com.android.support:support-core-ui:27.1.1] AndroidManifest.xml:20:5-44
MERGED from [com.android.support:support-core-utils:27.1.1] AndroidManifest.xml:20:5-44
MERGED from [com.android.support:support-core-utils:27.1.1] AndroidManifest.xml:20:5-44
MERGED from [com.android.support:transition:27.1.1] AndroidManifest.xml:20:5-44
MERGED from [com.android.support:transition:27.1.1] AndroidManifest.xml:20:5-44
MERGED from [com.android.support:support-media-compat:27.1.1] AndroidManifest.xml:20:5-44
MERGED from [com.android.support:support-media-compat:27.1.1] AndroidManifest.xml:20:5-44
MERGED from [com.android.support:support-compat:27.1.1] AndroidManifest.xml:20:5-44
MERGED from [com.android.support:support-compat:27.1.1] AndroidManifest.xml:20:5-44
MERGED from [android.arch.lifecycle:livedata-core:1.1.0] AndroidManifest.xml:20:5-44
MERGED from [android.arch.lifecycle:livedata-core:1.1.0] AndroidManifest.xml:20:5-44
MERGED from [android.arch.lifecycle:viewmodel:1.1.0] AndroidManifest.xml:20:5-44
MERGED from [android.arch.lifecycle:viewmodel:1.1.0] AndroidManifest.xml:20:5-44
MERGED from [android.arch.lifecycle:runtime:1.1.0] AndroidManifest.xml:20:5-44
MERGED from [android.arch.lifecycle:runtime:1.1.0] AndroidManifest.xml:20:5-44
MERGED from [android.arch.core:runtime:1.1.0] AndroidManifest.xml:20:5-44
MERGED from [android.arch.core:runtime:1.1.0] AndroidManifest.xml:20:5-44
INJECTED from src\main\AndroidManifest.xml
INJECTED from src\main\AndroidManifest.xml
	android:targetSdkVersion
		INJECTED from src\main\AndroidManifest.xml
		ADDED from src\main\AndroidManifest.xml
		INJECTED from src\main\AndroidManifest.xml
	android:minSdkVersion
		INJECTED from src\main\AndroidManifest.xml
		ADDED from src\main\AndroidManifest.xml
		INJECTED from src\main\AndroidManifest.xml